Using pre-set license
Built from '2020.2/release' branch; Version is '2020.2.0f1 (3721df5a8b28) revision 3613151'; Using compiler version '192528614'; Build Type 'Release'
OS: 'Windows 10  (10.0.0) 64bit' Language: 'en' Physical Memory: 16339 MB
BatchMode: 1, IsHumanControllingUs: 0, StartBugReporterOnCrash: 0, Is64bit: 1, IsPro: 0

 COMMAND LINE ARGUMENTS:
C:\Program Files\Unity\Hub\Editor\2020.2.0f1\Editor\Unity.exe
-adb2
-batchMode
-noUpm
-name
AssetImportWorker1
-projectPath
D:/Unity/Succubus
-logFile
Logs/AssetImportWorker1.log
-srvPort
49387
Successfully changed project path to: D:/Unity/Succubus
D:/Unity/Succubus
Using Asset Import Pipeline V2.
Refreshing native plugins compatible for Editor in 50.10 ms, found 1 plugins.
Preloading 0 native plugins for Editor in 0.00 ms.
Initialize engine version: 2020.2.0f1 (3721df5a8b28)
[Subsystems] Discovering subsystems at path C:/Program Files/Unity/Hub/Editor/2020.2.0f1/Editor/Data/Resources/UnitySubsystems
[Subsystems] Discovering subsystems at path D:/Unity/Succubus/Assets
GfxDevice: creating device client; threaded=0
Direct3D:
    Version:  Direct3D 11.0 [level 11.1]
    Renderer: NVIDIA GeForce GTX 1060 3GB (ID=0x1c02)
    Vendor:   
    VRAM:     2988 MB
    Driver:   27.21.14.6079
Initialize mono
Mono path[0] = 'C:/Program Files/Unity/Hub/Editor/2020.2.0f1/Editor/Data/Managed'
Mono path[1] = 'C:/Program Files/Unity/Hub/Editor/2020.2.0f1/Editor/Data/MonoBleedingEdge/lib/mono/unityjit'
Mono config path = 'C:/Program Files/Unity/Hub/Editor/2020.2.0f1/Editor/Data/MonoBleedingEdge/etc'
Using monoOptions --debugger-agent=transport=dt_socket,embedding=1,server=y,suspend=n,address=127.0.0.1:56244
Begin MonoManager ReloadAssembly
Registering precompiled unity dll's ...
Register platform support module: C:/Program Files/Unity/Hub/Editor/2020.2.0f1/Editor/Data/PlaybackEngines/WindowsStandaloneSupport/UnityEditor.WindowsStandalone.Extensions.dll
Registered in 0.002761 seconds.
Native extension for WindowsStandalone target not found
Refreshing native plugins compatible for Editor in 50.10 ms, found 1 plugins.
Preloading 0 native plugins for Editor in 0.00 ms.
Invoked RoslynAnalysisRunner static constructor.
RoslynAnalysisRunner will not be running.
RoslynAnalysisRunner has terminated.
Mono: successfully reloaded assembly
- Completed reload, in  3.704 seconds
Platform modules already initialized, skipping
Registering precompiled user dll's ...
Registered in 0.001151 seconds.
Begin MonoManager ReloadAssembly
Native extension for WindowsStandalone target not found
Refreshing native plugins compatible for Editor in 49.72 ms, found 1 plugins.
Preloading 0 native plugins for Editor in 0.00 ms.
Invoked RoslynAnalysisRunner static constructor.
RoslynAnalysisRunner will not be running.
RoslynAnalysisRunner has terminated.
Mono: successfully reloaded assembly
- Completed reload, in  1.234 seconds
Platform modules already initialized, skipping
========================================================================
Worker process is ready to serve import requests
Launched and connected shader compiler UnityShaderCompiler.exe after 0.07 seconds
Refreshing native plugins compatible for Editor in 0.67 ms, found 1 plugins.
Preloading 0 native plugins for Editor in 0.00 ms.
Unloading 1939 Unused Serialized files (Serialized files now loaded: 0)
System memory in use before: 165.8 MB.
System memory in use after: 165.9 MB.

Unloading 18 unused Assets to reduce memory usage. Loaded Objects now: 2427.
Total: 2.490500 ms (FindLiveObjects: 0.277600 ms CreateObjectMapping: 0.057500 ms MarkObjects: 2.122400 ms  DeleteObjects: 0.031400 ms)

========================================================================
Received Import Request.
  path: Assets/Scenes/SettingsScene 1.unity
  artifactKey: Guid(e93e3ef7d335e6d4c8a4181cc8304976) Importer(815301076,1909f56bfc062723c751e8b465ee728b)
Start importing Assets/Scenes/SettingsScene 1.unity using Guid(e93e3ef7d335e6d4c8a4181cc8304976) Importer(815301076,1909f56bfc062723c751e8b465ee728b)  -> (artifact id: 'da3d3f78c1bc62d26b50277d078e0c8c') in 0.038177 seconds
  Import took 0.057116 seconds .

========================================================================
Received Import Request.
  Time since last request: 259.454312 seconds.
  path: Assets/Scenes/SettingsScene.unity
  artifactKey: Guid(3e1f62ef2a71aac46a5e3940ee7ea3fd) Importer(815301076,1909f56bfc062723c751e8b465ee728b)
Start importing Assets/Scenes/SettingsScene.unity using Guid(3e1f62ef2a71aac46a5e3940ee7ea3fd) Importer(815301076,1909f56bfc062723c751e8b465ee728b)  -> (artifact id: 'fcd794630ddc61ded2e35ace041fd01e') in 0.009480 seconds
  Import took 0.223418 seconds .

========================================================================
Received Import Request.
  Time since last request: 23.045487 seconds.
  path: Assets/Scenes/StepsAscensionScene.unity
  artifactKey: Guid(e93e3ef7d335e6d4c8a4181cc8304976) Importer(815301076,1909f56bfc062723c751e8b465ee728b)
Start importing Assets/Scenes/StepsAscensionScene.unity using Guid(e93e3ef7d335e6d4c8a4181cc8304976) Importer(815301076,1909f56bfc062723c751e8b465ee728b)  -> (artifact id: 'edf6f68a4df882f1eab5bff2886d841a') in 0.008827 seconds
  Import took 0.033529 seconds .

========================================================================
Received Import Request.
  Time since last request: 6.220146 seconds.
  path: Assets/Scenes/StepsScene.unity
  artifactKey: Guid(c6939264d6392e24d9135cf49ac6c952) Importer(815301076,1909f56bfc062723c751e8b465ee728b)
Start importing Assets/Scenes/StepsScene.unity using Guid(c6939264d6392e24d9135cf49ac6c952) Importer(815301076,1909f56bfc062723c751e8b465ee728b)  -> (artifact id: '5501cab9bacc5c090fe89b6a0193f67f') in 0.009268 seconds
  Import took 0.013722 seconds .

========================================================================
Received Import Request.
  Time since last request: 2.155830 seconds.
  path: Assets/Scenes/MainMenuScene.unity
  artifactKey: Guid(4bf53139dfabc224294318748057b327) Importer(815301076,1909f56bfc062723c751e8b465ee728b)
Start importing Assets/Scenes/MainMenuScene.unity using Guid(4bf53139dfabc224294318748057b327) Importer(815301076,1909f56bfc062723c751e8b465ee728b)  -> (artifact id: '9560ef68566a10b77b6db67f45bb3502') in 0.021981 seconds
  Import took 0.027870 seconds .

========================================================================
Received Import Request.
  Time since last request: 36.293716 seconds.
  path: Assets/Resources/Sprites/Levels.png
  artifactKey: Guid(3ec1b772bac96774cb7e87189f09eef9) Importer(815301076,1909f56bfc062723c751e8b465ee728b)
Start importing Assets/Resources/Sprites/Levels.png using Guid(3ec1b772bac96774cb7e87189f09eef9) Importer(815301076,1909f56bfc062723c751e8b465ee728b)  -> (artifact id: 'd90d9ffd93953e931cf29c8f2eeec9b4') in 0.124517 seconds
  Import took 0.129507 seconds .

========================================================================
Received Import Request.
  Time since last request: 11.418521 seconds.
  path: Assets/Resources/Sprites/Levels.png
  artifactKey: Guid(3ec1b772bac96774cb7e87189f09eef9) Importer(815301076,1909f56bfc062723c751e8b465ee728b)
Start importing Assets/Resources/Sprites/Levels.png using Guid(3ec1b772bac96774cb7e87189f09eef9) Importer(815301076,1909f56bfc062723c751e8b465ee728b)  -> (artifact id: 'cd4992d48679cb183f7f85a973021949') in 0.013823 seconds
  Import took 0.018301 seconds .

========================================================================
Received Import Request.
  Time since last request: 11.909312 seconds.
  path: Assets/Resources/Sprites/Levels.png
  artifactKey: Guid(3ec1b772bac96774cb7e87189f09eef9) Importer(815301076,1909f56bfc062723c751e8b465ee728b)
Start importing Assets/Resources/Sprites/Levels.png using Guid(3ec1b772bac96774cb7e87189f09eef9) Importer(815301076,1909f56bfc062723c751e8b465ee728b)  -> (artifact id: 'bd52379391e0d1a36565372c14b65235') in 0.008581 seconds
  Import took 0.013122 seconds .

========================================================================
Received Import Request.
  Time since last request: 8.889076 seconds.
  path: Assets/Resources/Sprites/Levels.png
  artifactKey: Guid(3ec1b772bac96774cb7e87189f09eef9) Importer(815301076,1909f56bfc062723c751e8b465ee728b)
Start importing Assets/Resources/Sprites/Levels.png using Guid(3ec1b772bac96774cb7e87189f09eef9) Importer(815301076,1909f56bfc062723c751e8b465ee728b)  -> (artifact id: 'c7688a360dfb45f8b379603637068ddf') in 0.025195 seconds
  Import took 0.029324 seconds .

========================================================================
Received Import Request.
  Time since last request: 0.002073 seconds.
  path: Assets/Resources/Sprites/Levels.png
  artifactKey: Guid(3ec1b772bac96774cb7e87189f09eef9) Importer(815301076,1909f56bfc062723c751e8b465ee728b)
Start importing Assets/Resources/Sprites/Levels.png using Guid(3ec1b772bac96774cb7e87189f09eef9) Importer(815301076,1909f56bfc062723c751e8b465ee728b)  -> (artifact id: 'c7688a360dfb45f8b379603637068ddf') in 0.017399 seconds
  Import took 0.021829 seconds .

========================================================================
Received Import Request.
  Time since last request: 142.654254 seconds.
  path: Assets/Scenes/ClassicGameScene.unity
  artifactKey: Guid(e2d0ca083f7a94d46b156327b1103c50) Importer(815301076,1909f56bfc062723c751e8b465ee728b)
Start importing Assets/Scenes/ClassicGameScene.unity using Guid(e2d0ca083f7a94d46b156327b1103c50) Importer(815301076,1909f56bfc062723c751e8b465ee728b)  -> (artifact id: '30a77d4fc5968af88ebf5f995b4d58c3') in 0.009056 seconds
  Import took 0.036187 seconds .

========================================================================
Received Import Request.
  Time since last request: 12.849306 seconds.
  path: Assets/Scenes/StepsAscensionScene.unity
  artifactKey: Guid(e93e3ef7d335e6d4c8a4181cc8304976) Importer(815301076,1909f56bfc062723c751e8b465ee728b)
Start importing Assets/Scenes/StepsAscensionScene.unity using Guid(e93e3ef7d335e6d4c8a4181cc8304976) Importer(815301076,1909f56bfc062723c751e8b465ee728b)  -> (artifact id: '44c655a49b4d5c1da529f6f0a99a4b9b') in 0.005468 seconds
  Import took 0.014616 seconds .

========================================================================
Received Import Request.
  Time since last request: 138.345132 seconds.
  path: Assets/Resources/Prefabs/Level.prefab
  artifactKey: Guid(77275c4650d9c484ab6dc7a3440740ee) Importer(815301076,1909f56bfc062723c751e8b465ee728b)
Start importing Assets/Resources/Prefabs/Level.prefab using Guid(77275c4650d9c484ab6dc7a3440740ee) Importer(815301076,1909f56bfc062723c751e8b465ee728b)  -> (artifact id: '0e9c82e5bc52ccbe8d1a5f86409ddf3d') in 0.053173 seconds
  Import took 0.083102 seconds .

========================================================================
Received Import Request.
  Time since last request: 0.170808 seconds.
  path: Assets/Resources/Prefabs/Level.prefab
  artifactKey: Guid(77275c4650d9c484ab6dc7a3440740ee) Importer(815301076,1909f56bfc062723c751e8b465ee728b)
Start importing Assets/Resources/Prefabs/Level.prefab using Guid(77275c4650d9c484ab6dc7a3440740ee) Importer(815301076,1909f56bfc062723c751e8b465ee728b)  -> (artifact id: '0e9c82e5bc52ccbe8d1a5f86409ddf3d') in 0.012719 seconds
  Import took 0.016721 seconds .

========================================================================
Received Import Request.
  Time since last request: 26.634328 seconds.
  path: Assets/Scenes/StepsAscensionScene.unity
  artifactKey: Guid(e93e3ef7d335e6d4c8a4181cc8304976) Importer(815301076,1909f56bfc062723c751e8b465ee728b)
Start importing Assets/Scenes/StepsAscensionScene.unity using Guid(e93e3ef7d335e6d4c8a4181cc8304976) Importer(815301076,1909f56bfc062723c751e8b465ee728b)  -> (artifact id: '53b1ea7ef31d944850e0281d0af776f6') in 0.004362 seconds
  Import took 0.008986 seconds .

========================================================================
Received Import Request.
  Time since last request: 68.642520 seconds.
  path: Assets/Scripts/Behaviors/ScenesBhvs
  artifactKey: Guid(03c8beb6e3b0b7b4aa0801bbbb89a2d6) Importer(815301076,1909f56bfc062723c751e8b465ee728b)
Start importing Assets/Scripts/Behaviors/ScenesBhvs using Guid(03c8beb6e3b0b7b4aa0801bbbb89a2d6) Importer(815301076,1909f56bfc062723c751e8b465ee728b)  -> (artifact id: '67fe9664f4e6d71b1241117abefe6663') in 0.009600 seconds
  Import took 0.014063 seconds .

========================================================================
Received Import Request.
  Time since last request: 12.979564 seconds.
  path: Assets/Scripts/Behaviors/ScenesBhvs/StepsAscensionSceneBhv.cs
  artifactKey: Guid(31a5f5c5bd1521848b59e2877e7e9f0a) Importer(815301076,1909f56bfc062723c751e8b465ee728b)
Start importing Assets/Scripts/Behaviors/ScenesBhvs/StepsAscensionSceneBhv.cs using Guid(31a5f5c5bd1521848b59e2877e7e9f0a) Importer(815301076,1909f56bfc062723c751e8b465ee728b)  -> (artifact id: '46d735b4a45d282d46ae9040bd88c6be') in 0.019750 seconds
  Import took 0.024252 seconds .

========================================================================
Received Prepare
Registering precompiled user dll's ...
Registered in 0.001175 seconds.
Begin MonoManager ReloadAssembly
Native extension for WindowsStandalone target not found
Refreshing native plugins compatible for Editor in 0.51 ms, found 1 plugins.
Preloading 0 native plugins for Editor in 0.00 ms.
Invoked RoslynAnalysisRunner static constructor.
RoslynAnalysisRunner will not be running.
RoslynAnalysisRunner has terminated.
Mono: successfully reloaded assembly
- Completed reload, in  1.186 seconds
Platform modules already initialized, skipping
Refreshing native plugins compatible for Editor in 0.49 ms, found 1 plugins.
Preloading 0 native plugins for Editor in 0.00 ms.
Unloading 1919 Unused Serialized files (Serialized files now loaded: 0)
System memory in use before: 167.9 MB.
System memory in use after: 168.1 MB.

Unloading 8 unused Assets to reduce memory usage. Loaded Objects now: 2442.
Total: 2.430300 ms (FindLiveObjects: 0.262400 ms CreateObjectMapping: 0.057300 ms MarkObjects: 2.092500 ms  DeleteObjects: 0.016900 ms)

========================================================================
Received Prepare
Registering precompiled user dll's ...
Registered in 0.001349 seconds.
Begin MonoManager ReloadAssembly
Native extension for WindowsStandalone target not found
Refreshing native plugins compatible for Editor in 0.54 ms, found 1 plugins.
Preloading 0 native plugins for Editor in 0.00 ms.
Invoked RoslynAnalysisRunner static constructor.
RoslynAnalysisRunner will not be running.
RoslynAnalysisRunner has terminated.
Mono: successfully reloaded assembly
- Completed reload, in  1.127 seconds
Platform modules already initialized, skipping
Refreshing native plugins compatible for Editor in 0.53 ms, found 1 plugins.
Preloading 0 native plugins for Editor in 0.00 ms.
Unloading 1919 Unused Serialized files (Serialized files now loaded: 0)
System memory in use before: 168.2 MB.
System memory in use after: 168.3 MB.

Unloading 8 unused Assets to reduce memory usage. Loaded Objects now: 2444.
Total: 2.308500 ms (FindLiveObjects: 0.265500 ms CreateObjectMapping: 0.057200 ms MarkObjects: 1.966300 ms  DeleteObjects: 0.018300 ms)

========================================================================
Received Prepare
Registering precompiled user dll's ...
Registered in 0.001297 seconds.
Begin MonoManager ReloadAssembly
Native extension for WindowsStandalone target not found
Refreshing native plugins compatible for Editor in 0.50 ms, found 1 plugins.
Preloading 0 native plugins for Editor in 0.00 ms.
Invoked RoslynAnalysisRunner static constructor.
RoslynAnalysisRunner will not be running.
RoslynAnalysisRunner has terminated.
Mono: successfully reloaded assembly
- Completed reload, in  1.140 seconds
Platform modules already initialized, skipping
Refreshing native plugins compatible for Editor in 0.50 ms, found 1 plugins.
Preloading 0 native plugins for Editor in 0.00 ms.
Unloading 1919 Unused Serialized files (Serialized files now loaded: 0)
System memory in use before: 168.4 MB.
System memory in use after: 168.5 MB.

Unloading 8 unused Assets to reduce memory usage. Loaded Objects now: 2446.
Total: 2.608000 ms (FindLiveObjects: 0.300600 ms CreateObjectMapping: 0.061400 ms MarkObjects: 2.222000 ms  DeleteObjects: 0.022700 ms)

========================================================================
Received Prepare
Registering precompiled user dll's ...
Registered in 0.001312 seconds.
Begin MonoManager ReloadAssembly
Native extension for WindowsStandalone target not found
Refreshing native plugins compatible for Editor in 0.49 ms, found 1 plugins.
Preloading 0 native plugins for Editor in 0.00 ms.
Invoked RoslynAnalysisRunner static constructor.
RoslynAnalysisRunner will not be running.
RoslynAnalysisRunner has terminated.
Mono: successfully reloaded assembly
- Completed reload, in  1.133 seconds
Platform modules already initialized, skipping
Refreshing native plugins compatible for Editor in 0.58 ms, found 1 plugins.
Preloading 0 native plugins for Editor in 0.00 ms.
Unloading 1919 Unused Serialized files (Serialized files now loaded: 0)
System memory in use before: 168.6 MB.
System memory in use after: 168.7 MB.

Unloading 8 unused Assets to reduce memory usage. Loaded Objects now: 2448.
Total: 2.739600 ms (FindLiveObjects: 0.282900 ms CreateObjectMapping: 0.057500 ms MarkObjects: 2.374500 ms  DeleteObjects: 0.022400 ms)

========================================================================
Received Prepare
Registering precompiled user dll's ...
Registered in 0.001274 seconds.
Begin MonoManager ReloadAssembly
Native extension for WindowsStandalone target not found
Refreshing native plugins compatible for Editor in 0.49 ms, found 1 plugins.
Preloading 0 native plugins for Editor in 0.00 ms.
Invoked RoslynAnalysisRunner static constructor.
RoslynAnalysisRunner will not be running.
RoslynAnalysisRunner has terminated.
Mono: successfully reloaded assembly
- Completed reload, in  1.110 seconds
Platform modules already initialized, skipping
Refreshing native plugins compatible for Editor in 0.62 ms, found 1 plugins.
Preloading 0 native plugins for Editor in 0.00 ms.
Unloading 1919 Unused Serialized files (Serialized files now loaded: 0)
System memory in use before: 168.8 MB.
System memory in use after: 169.0 MB.

Unloading 8 unused Assets to reduce memory usage. Loaded Objects now: 2450.
Total: 2.346100 ms (FindLiveObjects: 0.267500 ms CreateObjectMapping: 0.058400 ms MarkObjects: 2.001000 ms  DeleteObjects: 0.018100 ms)

========================================================================
Received Prepare
Registering precompiled user dll's ...
Registered in 0.001395 seconds.
Begin MonoManager ReloadAssembly
Native extension for WindowsStandalone target not found
Refreshing native plugins compatible for Editor in 0.50 ms, found 1 plugins.
Preloading 0 native plugins for Editor in 0.00 ms.
Invoked RoslynAnalysisRunner static constructor.
RoslynAnalysisRunner will not be running.
RoslynAnalysisRunner has terminated.
Mono: successfully reloaded assembly
- Completed reload, in  1.134 seconds
Platform modules already initialized, skipping
Refreshing native plugins compatible for Editor in 0.49 ms, found 1 plugins.
Preloading 0 native plugins for Editor in 0.00 ms.
Unloading 1919 Unused Serialized files (Serialized files now loaded: 0)
System memory in use before: 169.0 MB.
System memory in use after: 169.2 MB.

Unloading 8 unused Assets to reduce memory usage. Loaded Objects now: 2452.
Total: 2.611800 ms (FindLiveObjects: 0.385000 ms CreateObjectMapping: 0.056900 ms MarkObjects: 2.143900 ms  DeleteObjects: 0.023900 ms)

AssetImportWorkerClient::OnTransportError - code=2 error=End of file
